[16:25:16] [main/INFO]: Loading Minecraft 1.20.4 with Fabric Loader 0.15.11
[16:25:16] [ForkJoinPool-1-worker-1/WARN]: Mod mr_vanilla_refresh uses the version 1.4.19h which isn't compatible with Loader's extended semantic version format (Could not parse version number component '19h'!), SemVer is recommended for reliably evaluating dependencies and prioritizing newer version
[16:25:17] [main/INFO]: Loading 53 mods:
	- fabric-api 0.97.0+1.20.4
	   |-- fabric-api-base 0.4.37+78d798af4f
	   |-- fabric-api-lookup-api-v1 1.6.50+82b1bb3e4f
	   |-- fabric-biome-api-v1 13.0.17+78d798af4f
	   |-- fabric-block-api-v1 1.0.17+3e2216cb4f
	   |-- fabric-block-view-api-v2 1.0.5+78d798af4f
	   |-- fabric-blockrenderlayer-v1 1.1.47+78d798af4f
	   |-- fabric-client-tags-api-v1 1.1.8+78d798af4f
	   |-- fabric-command-api-v1 1.2.42+f71b366f4f
	   |-- fabric-command-api-v2 2.2.21+78d798af4f
	   |-- fabric-commands-v0 0.2.59+df3654b34f
	   |-- fabric-containers-v0 0.1.87+df3654b34f
	   |-- fabric-content-registries-v0 5.0.16+78d798af4f
	   |-- fabric-convention-tags-v1 1.5.11+78d798af4f
	   |-- fabric-crash-report-info-v1 0.2.24+78d798af4f
	   |-- fabric-data-attachment-api-v1 1.1.5+b90db5744f
	   |-- fabric-data-generation-api-v1 13.2.5+5c0133444f
	   |-- fabric-dimensions-v1 2.1.62+78d798af4f
	   |-- fabric-entity-events-v1 1.6.2+09fc25014f
	   |-- fabric-events-interaction-v0 0.7.2+389931eb4f
	   |-- fabric-events-lifecycle-v0 0.2.75+df3654b34f
	   |-- fabric-game-rule-api-v1 1.0.47+78d798af4f
	   |-- fabric-item-api-v1 2.3.0+bcdd12964f
	   |-- fabric-item-group-api-v1 4.0.27+ee30b13a4f
	   |-- fabric-key-binding-api-v1 1.0.42+78d798af4f
	   |-- fabric-keybindings-v0 0.2.40+df3654b34f
	   |-- fabric-lifecycle-events-v1 2.3.1+a67ffb5d4f
	   |-- fabric-loot-api-v2 2.1.10+78d798af4f
	   |-- fabric-message-api-v1 6.0.6+78d798af4f
	   |-- fabric-mining-level-api-v1 2.1.66+78d798af4f
	   |-- fabric-model-loading-api-v1 1.0.9+78d798af4f
	   |-- fabric-models-v0 0.4.8+9386d8a74f
	   |-- fabric-networking-api-v1 3.1.8+2e5ac5484f
	   |-- fabric-object-builder-api-v1 13.1.0+dba1195c4f
	   |-- fabric-particles-v1 1.1.8+78d798af4f
	   |-- fabric-recipe-api-v1 2.0.21+78d798af4f
	   |-- fabric-registry-sync-v0 4.0.20+ee30b13a4f
	   |-- fabric-renderer-api-v1 3.2.5+78d798af4f
	   |-- fabric-renderer-indigo 1.5.5+78d798af4f
	   |-- fabric-renderer-registries-v1 3.2.54+df3654b34f
	   |-- fabric-rendering-data-attachment-v1 0.3.43+73761d2e4f
	   |-- fabric-rendering-fluids-v1 3.1.2+e761c6694f
	   |-- fabric-rendering-v0 1.1.57+df3654b34f
	   |-- fabric-rendering-v1 3.2.1+6fd945a04f
	   |-- fabric-resource-conditions-api-v1 2.3.15+78d798af4f
	   |-- fabric-resource-loader-v0 0.11.21+ee30b13a4f
	   |-- fabric-screen-api-v1 2.0.18+78d798af4f
	   |-- fabric-screen-handler-api-v1 1.3.56+78d798af4f
	   |-- fabric-sound-api-v1 1.0.18+78d798af4f
	   |-- fabric-transfer-api-v1 4.0.12+90f2d7b14f
	   \-- fabric-transitive-access-wideners-v1 5.0.15+78d798af4f
	- fabricloader 0.15.11
	   \-- mixinextras 0.3.5
	- java 17
	- lithium 0.12.1
	- minecraft 1.20.4
	- mr_vanilla_refresh 1.4.19h
	- yet_another_config_lib_v3 3.4.2+1.20.4-fabric
	   |-- com_twelvemonkeys_common_common-image 3.10.0
	   |-- com_twelvemonkeys_common_common-io 3.10.0
	   |-- com_twelvemonkeys_common_common-lang 3.10.0
	   |-- com_twelvemonkeys_imageio_imageio-core 3.10.0
	   |-- com_twelvemonkeys_imageio_imageio-metadata 3.10.0
	   |-- com_twelvemonkeys_imageio_imageio-webp 3.10.0
	   |-- org_quiltmc_parsers_gson 0.2.1
	   \-- org_quiltmc_parsers_json 0.2.1
[16:25:17] [main/INFO]: SpongePowered MIXIN Subsystem Version=0.8.5 Source=file:/C:/Users/kepin/Documents/project/personal%20project/minecraft-server/libraries/net/fabricmc/sponge-mixin/0.13.3+mixin.0.8.5/sponge-mixin-0.13.3+mixin.0.8.5.jar Service=Knot/Fabric Env=SERVER
[16:25:17] [main/INFO]: Compatibility level set to JAVA_17
[16:25:18] [main/INFO]: Loaded configuration file for Lithium: 129 options available, 0 override(s) found
[16:25:21] [main/INFO]: Initializing MixinExtras via com.llamalad7.mixinextras.service.MixinExtrasServiceImpl(version=0.3.5).
[16:26:04] [main/INFO]: Environment: Environment[sessionHost=https://sessionserver.mojang.com, servicesHost=https://api.minecraftservices.com, name=PROD]
[16:26:05] [main/INFO]: Found non-pack entry '.\world\datapacks\vanilla-refresh-1.4.19h.jar', ignoring
[16:26:05] [main/INFO]: Found new data pack mr_vanilla_refresh, loading it automatically
[16:26:19] [main/INFO]: Loaded 7 recipes
[16:26:21] [main/INFO]: Loaded 1465 advancements
[16:26:23] [main/INFO]: Applied 0 biome modifications to 0 of 64 new biomes in 7.429 ms
[16:26:25] [Server thread/INFO]: Starting minecraft server version 1.20.4
[16:26:25] [Server thread/INFO]: Loading properties
[16:26:25] [Server thread/INFO]: Default game type: SURVIVAL
[16:26:25] [Server thread/INFO]: Generating keypair
[16:26:25] [Server thread/INFO]: Starting Minecraft server on *:25565
[16:26:26] [Server thread/INFO]: Using default channel type
[16:26:27] [Server thread/WARN]: **** SERVER IS RUNNING IN OFFLINE/INSECURE MODE!
[16:26:27] [Server thread/WARN]: The server will make no attempt to authenticate usernames. Beware.
[16:26:27] [Server thread/WARN]: While this makes the game possible to play without internet access, it also opens up the ability for hackers to connect with any username they choose.
[16:26:27] [Server thread/WARN]: To change this, set "online-mode" to "true" in the server.properties file.
[16:26:27] [Server thread/INFO]: Preparing level "world"
[16:26:35] [Server thread/INFO]: Preparing start region for dimension minecraft:overworld
[16:26:44] [Worker-Main-2/INFO]: Preparing spawn area: 0%
[16:26:44] [Worker-Main-2/INFO]: Preparing spawn area: 0%
[16:26:44] [Worker-Main-2/INFO]: Preparing spawn area: 0%
[16:26:44] [Worker-Main-2/INFO]: Preparing spawn area: 0%
[16:26:44] [Worker-Main-2/INFO]: Preparing spawn area: 0%
[16:26:44] [Worker-Main-2/INFO]: Preparing spawn area: 0%
[16:26:44] [Worker-Main-2/INFO]: Preparing spawn area: 0%
[16:26:44] [Worker-Main-2/INFO]: Preparing spawn area: 0%
[16:26:44] [Worker-Main-2/INFO]: Preparing spawn area: 0%
[16:26:44] [Worker-Main-2/INFO]: Preparing spawn area: 0%
[16:26:44] [Worker-Main-1/INFO]: Preparing spawn area: 0%
[16:26:44] [Worker-Main-1/INFO]: Preparing spawn area: 0%
[16:26:44] [Worker-Main-1/INFO]: Preparing spawn area: 0%
[16:26:44] [Worker-Main-1/INFO]: Preparing spawn area: 0%
[16:26:44] [Worker-Main-1/INFO]: Preparing spawn area: 0%
[16:26:44] [Worker-Main-1/INFO]: Preparing spawn area: 0%
[16:26:45] [Worker-Main-2/INFO]: Preparing spawn area: 0%
[16:26:45] [Worker-Main-1/INFO]: Preparing spawn area: 0%
[16:26:45] [Worker-Main-1/INFO]: Preparing spawn area: 0%
[16:26:45] [Worker-Main-1/INFO]: Preparing spawn area: 0%
[16:26:45] [Worker-Main-2/INFO]: Preparing spawn area: 0%
[16:26:45] [Worker-Main-3/INFO]: Preparing spawn area: 0%
[16:26:46] [Worker-Main-2/INFO]: Preparing spawn area: 5%
[16:26:46] [Worker-Main-3/INFO]: Preparing spawn area: 79%
[16:26:47] [Server thread/INFO]: Time elapsed: 12874 ms
[16:26:47] [Server thread/INFO]: Done (20.621s)! For help, type "help"
[16:26:50] [Server thread/INFO]: kepinChanNub[/127.0.0.1:62066] logged in with entity id 175 at (-75.9284832814447, 72.0, -32.0553440465249)
[16:26:50] [Server thread/INFO]: kepinChanNub joined the game
[16:26:50] [Server thread/WARN]: Can't keep up! Is the server overloaded? Running 2112ms or 42 ticks behind
[16:27:07] [Server thread/WARN]: Can't keep up! Is the server overloaded? Running 2334ms or 46 ticks behind
[16:27:30] [Server thread/WARN]: Can't keep up! Is the server overloaded? Running 7763ms or 155 ticks behind
[16:27:44] [Server thread/INFO]: Made kepinChanNub a server operator
[16:28:50] [Server thread/INFO]: Locating element minecraft:village_plains took 3283 ms
[16:28:50] [Server thread/WARN]: Can't keep up! Is the server overloaded? Running 3291ms or 65 ticks behind
[16:28:50] [Server thread/WARN]: kepinChanNub moved too quickly! 6.725158046636565,1.8604781139927553,-7.164758681587621
[16:28:56] [Server thread/INFO]: [kepinChanNub: Teleported kepinChanNub to -879.500000, 67.630433, 128.500000]
[16:29:07] [Server thread/WARN]: Can't keep up! Is the server overloaded? Running 2152ms or 43 ticks behind
[16:29:30] [Server thread/INFO]: kepinChanNub lost connection: Disconnected
[16:29:31] [Server thread/INFO]: kepinChanNub left the game
[16:29:41] [Server thread/INFO]: Stopping the server
[16:29:41] [Server thread/INFO]: Stopping server
[16:29:42] [Server thread/INFO]: Saving players
[16:29:42] [Server thread/INFO]: Saving worlds
[16:29:45] [Server thread/INFO]: Saving chunks for level 'ServerLevel[world]'/minecraft:overworld
[16:29:45] [Server thread/INFO]: Saving chunks for level 'ServerLevel[world]'/minecraft:the_end
[16:29:45] [Server thread/INFO]: Saving chunks for level 'ServerLevel[world]'/minecraft:the_nether
[16:29:45] [Server thread/INFO]: ThreadedAnvilChunkStorage (world): All chunks are saved
[16:29:45] [Server thread/INFO]: ThreadedAnvilChunkStorage (DIM1): All chunks are saved
[16:29:45] [Server thread/INFO]: ThreadedAnvilChunkStorage (DIM-1): All chunks are saved
[16:29:45] [Server thread/INFO]: ThreadedAnvilChunkStorage: All dimensions are saved
